  StaticLinkList.cpp
E:\⭐Working_Software\VisualStudio\VC\Tools\MSVC\14.24.28314\include\xutility(1056,5): warning C4566: 由通用字符名称“\u2B50”表示的字符不能在当前代码页(936)中表示出来
E:\⭐Working_Software\VisualStudio\VC\Tools\MSVC\14.24.28314\include\xutility(1221,1): warning C4566: 由通用字符名称“\u2B50”表示的字符不能在当前代码页(936)中表示出来
E:\⭐Working_Software\VisualStudio\VC\Tools\MSVC\14.24.28314\include\xutility(1485,9): warning C4566: 由通用字符名称“\u2B50”表示的字符不能在当前代码页(936)中表示出来
E:\⭐Working_Software\VisualStudio\VC\Tools\MSVC\14.24.28314\include\xutility(1506,17): warning C4566: 由通用字符名称“\u2B50”表示的字符不能在当前代码页(936)中表示出来
E:\⭐Working_Software\VisualStudio\VC\Tools\MSVC\14.24.28314\include\xutility(1594,17): warning C4566: 由通用字符名称“\u2B50”表示的字符不能在当前代码页(936)中表示出来
E:\⭐Working_Software\VisualStudio\VC\Tools\MSVC\14.24.28314\include\xutility(1820,1): warning C4566: 由通用字符名称“\u2B50”表示的字符不能在当前代码页(936)中表示出来
E:\⭐Working_Software\VisualStudio\VC\Tools\MSVC\14.24.28314\include\xutility(2875,1): warning C4566: 由通用字符名称“\u2B50”表示的字符不能在当前代码页(936)中表示出来
E:\⭐Working_Software\VisualStudio\VC\Tools\MSVC\14.24.28314\include\xutility(2876,1): warning C4566: 由通用字符名称“\u2B50”表示的字符不能在当前代码页(936)中表示出来
E:\⭐Working_Software\VisualStudio\VC\Tools\MSVC\14.24.28314\include\xutility(2881,1): warning C4566: 由通用字符名称“\u2B50”表示的字符不能在当前代码页(936)中表示出来
E:\⭐Working_Software\VisualStudio\VC\Tools\MSVC\14.24.28314\include\xutility(2882,1): warning C4566: 由通用字符名称“\u2B50”表示的字符不能在当前代码页(936)中表示出来
E:\⭐Working_Software\VisualStudio\VC\Tools\MSVC\14.24.28314\include\xutility(2894,1): warning C4566: 由通用字符名称“\u2B50”表示的字符不能在当前代码页(936)中表示出来
E:\⭐Working_Software\VisualStudio\VC\Tools\MSVC\14.24.28314\include\xutility(2895,1): warning C4566: 由通用字符名称“\u2B50”表示的字符不能在当前代码页(936)中表示出来
E:\⭐Working_Software\VisualStudio\VC\Tools\MSVC\14.24.28314\include\xutility(2908,1): warning C4566: 由通用字符名称“\u2B50”表示的字符不能在当前代码页(936)中表示出来
E:\⭐Working_Software\VisualStudio\VC\Tools\MSVC\14.24.28314\include\xutility(2913,1): warning C4566: 由通用字符名称“\u2B50”表示的字符不能在当前代码页(936)中表示出来
E:\⭐Working_Software\VisualStudio\VC\Tools\MSVC\14.24.28314\include\xutility(2917,1): warning C4566: 由通用字符名称“\u2B50”表示的字符不能在当前代码页(936)中表示出来
E:\⭐Working_Software\VisualStudio\VC\Tools\MSVC\14.24.28314\include\xutility(2977,1): warning C4566: 由通用字符名称“\u2B50”表示的字符不能在当前代码页(936)中表示出来
E:\⭐Working_Software\VisualStudio\VC\Tools\MSVC\14.24.28314\include\xutility(2988,1): warning C4566: 由通用字符名称“\u2B50”表示的字符不能在当前代码页(936)中表示出来
E:\⭐Working_Software\VisualStudio\VC\Tools\MSVC\14.24.28314\include\xutility(3476,9): warning C4566: 由通用字符名称“\u2B50”表示的字符不能在当前代码页(936)中表示出来
E:\⭐Working_Software\VisualStudio\VC\Tools\MSVC\14.24.28314\include\xutility(3488,9): warning C4566: 由通用字符名称“\u2B50”表示的字符不能在当前代码页(936)中表示出来
E:\⭐Working_Software\VisualStudio\VC\Tools\MSVC\14.24.28314\include\xutility(3500,9): warning C4566: 由通用字符名称“\u2B50”表示的字符不能在当前代码页(936)中表示出来
E:\⭐Working_Software\VisualStudio\VC\Tools\MSVC\14.24.28314\include\xutility(3501,9): warning C4566: 由通用字符名称“\u2B50”表示的字符不能在当前代码页(936)中表示出来
E:\⭐Working_Software\VisualStudio\VC\Tools\MSVC\14.24.28314\include\xutility(4963,78): warning C4566: 由通用字符名称“\u2B50”表示的字符不能在当前代码页(936)中表示出来
E:\⭐Working_Software\VisualStudio\VC\Tools\MSVC\14.24.28314\include\xmemory(95,5): warning C4566: 由通用字符名称“\u2B50”表示的字符不能在当前代码页(936)中表示出来
E:\⭐Working_Software\VisualStudio\VC\Tools\MSVC\14.24.28314\include\xmemory(115,5): warning C4566: 由通用字符名称“\u2B50”表示的字符不能在当前代码页(936)中表示出来
E:\⭐Working_Software\VisualStudio\VC\Tools\MSVC\14.24.28314\include\xmemory(125,5): warning C4566: 由通用字符名称“\u2B50”表示的字符不能在当前代码页(936)中表示出来
E:\⭐Working_Software\VisualStudio\VC\Tools\MSVC\14.24.28314\include\xmemory(912,9): warning C4566: 由通用字符名称“\u2B50”表示的字符不能在当前代码页(936)中表示出来
E:\⭐Working_Software\VisualStudio\VC\Tools\MSVC\14.24.28314\include\xmemory(1187,13): warning C4566: 由通用字符名称“\u2B50”表示的字符不能在当前代码页(936)中表示出来
E:\⭐Working_Software\VisualStudio\VC\Tools\MSVC\14.24.28314\include\xstring(69,1): warning C4566: 由通用字符名称“\u2B50”表示的字符不能在当前代码页(936)中表示出来
E:\⭐Working_Software\VisualStudio\VC\Tools\MSVC\14.24.28314\include\xstring(183,1): warning C4566: 由通用字符名称“\u2B50”表示的字符不能在当前代码页(936)中表示出来
E:\⭐Working_Software\VisualStudio\VC\Tools\MSVC\14.24.28314\include\xstring(339,1): warning C4566: 由通用字符名称“\u2B50”表示的字符不能在当前代码页(936)中表示出来
E:\⭐Working_Software\VisualStudio\VC\Tools\MSVC\14.24.28314\include\xstring(1785,1): warning C4566: 由通用字符名称“\u2B50”表示的字符不能在当前代码页(936)中表示出来
E:\⭐Working_Software\VisualStudio\VC\Tools\MSVC\14.24.28314\include\xstring(1788,1): warning C4566: 由通用字符名称“\u2B50”表示的字符不能在当前代码页(936)中表示出来
E:\⭐Working_Software\VisualStudio\VC\Tools\MSVC\14.24.28314\include\xstring(1792,1): warning C4566: 由通用字符名称“\u2B50”表示的字符不能在当前代码页(936)中表示出来
E:\⭐Working_Software\VisualStudio\VC\Tools\MSVC\14.24.28314\include\xstring(1805,1): warning C4566: 由通用字符名称“\u2B50”表示的字符不能在当前代码页(936)中表示出来
E:\⭐Working_Software\VisualStudio\VC\Tools\MSVC\14.24.28314\include\xstring(1808,1): warning C4566: 由通用字符名称“\u2B50”表示的字符不能在当前代码页(936)中表示出来
E:\⭐Working_Software\VisualStudio\VC\Tools\MSVC\14.24.28314\include\xstring(1809,1): warning C4566: 由通用字符名称“\u2B50”表示的字符不能在当前代码页(936)中表示出来
E:\⭐Working_Software\VisualStudio\VC\Tools\MSVC\14.24.28314\include\xstring(1824,1): warning C4566: 由通用字符名称“\u2B50”表示的字符不能在当前代码页(936)中表示出来
E:\⭐Working_Software\VisualStudio\VC\Tools\MSVC\14.24.28314\include\xstring(1827,1): warning C4566: 由通用字符名称“\u2B50”表示的字符不能在当前代码页(936)中表示出来
E:\⭐Working_Software\VisualStudio\VC\Tools\MSVC\14.24.28314\include\xstring(1828,1): warning C4566: 由通用字符名称“\u2B50”表示的字符不能在当前代码页(936)中表示出来
E:\⭐Working_Software\VisualStudio\VC\Tools\MSVC\14.24.28314\include\xstring(1847,1): warning C4566: 由通用字符名称“\u2B50”表示的字符不能在当前代码页(936)中表示出来
E:\⭐Working_Software\VisualStudio\VC\Tools\MSVC\14.24.28314\include\xstring(1850,1): warning C4566: 由通用字符名称“\u2B50”表示的字符不能在当前代码页(936)中表示出来
E:\⭐Working_Software\VisualStudio\VC\Tools\MSVC\14.24.28314\include\xstring(1856,1): warning C4566: 由通用字符名称“\u2B50”表示的字符不能在当前代码页(936)中表示出来
E:\⭐Working_Software\VisualStudio\VC\Tools\MSVC\14.24.28314\include\xstring(1862,1): warning C4566: 由通用字符名称“\u2B50”表示的字符不能在当前代码页(936)中表示出来
E:\⭐Working_Software\VisualStudio\VC\Tools\MSVC\14.24.28314\include\xstring(1929,1): warning C4566: 由通用字符名称“\u2B50”表示的字符不能在当前代码页(936)中表示出来
E:\⭐Working_Software\VisualStudio\VC\Tools\MSVC\14.24.28314\include\xstring(1937,1): warning C4566: 由通用字符名称“\u2B50”表示的字符不能在当前代码页(936)中表示出来
E:\⭐Working_Software\VisualStudio\VC\Tools\MSVC\14.24.28314\include\xstring(1938,1): warning C4566: 由通用字符名称“\u2B50”表示的字符不能在当前代码页(936)中表示出来
E:\⭐Working_Software\VisualStudio\VC\Tools\MSVC\14.24.28314\include\xstring(2608,1): warning C4566: 由通用字符名称“\u2B50”表示的字符不能在当前代码页(936)中表示出来
E:\⭐Working_Software\VisualStudio\VC\Tools\MSVC\14.24.28314\include\xstring(2620,1): warning C4566: 由通用字符名称“\u2B50”表示的字符不能在当前代码页(936)中表示出来
E:\⭐Working_Software\VisualStudio\VC\Tools\MSVC\14.24.28314\include\xstring(3053,1): warning C4566: 由通用字符名称“\u2B50”表示的字符不能在当前代码页(936)中表示出来
E:\⭐Working_Software\VisualStudio\VC\Tools\MSVC\14.24.28314\include\xstring(3063,1): warning C4566: 由通用字符名称“\u2B50”表示的字符不能在当前代码页(936)中表示出来
E:\⭐Working_Software\VisualStudio\VC\Tools\MSVC\14.24.28314\include\xstring(3075,1): warning C4566: 由通用字符名称“\u2B50”表示的字符不能在当前代码页(936)中表示出来
E:\⭐Working_Software\VisualStudio\VC\Tools\MSVC\14.24.28314\include\xstring(3136,1): warning C4566: 由通用字符名称“\u2B50”表示的字符不能在当前代码页(936)中表示出来
E:\⭐Working_Software\VisualStudio\VC\Tools\MSVC\14.24.28314\include\xstring(3146,1): warning C4566: 由通用字符名称“\u2B50”表示的字符不能在当前代码页(936)中表示出来
E:\⭐Working_Software\VisualStudio\VC\Tools\MSVC\14.24.28314\include\xstring(3288,1): warning C4566: 由通用字符名称“\u2B50”表示的字符不能在当前代码页(936)中表示出来
E:\⭐Working_Software\VisualStudio\VC\Tools\MSVC\14.24.28314\include\xstring(3312,1): warning C4566: 由通用字符名称“\u2B50”表示的字符不能在当前代码页(936)中表示出来
E:\⭐Working_Software\VisualStudio\VC\Tools\MSVC\14.24.28314\include\xstring(3322,1): warning C4566: 由通用字符名称“\u2B50”表示的字符不能在当前代码页(936)中表示出来
E:\⭐Working_Software\VisualStudio\VC\Tools\MSVC\14.24.28314\include\xstring(3333,1): warning C4566: 由通用字符名称“\u2B50”表示的字符不能在当前代码页(936)中表示出来
E:\⭐Working_Software\VisualStudio\VC\Tools\MSVC\14.24.28314\include\xstring(3346,1): warning C4566: 由通用字符名称“\u2B50”表示的字符不能在当前代码页(936)中表示出来
E:\⭐Working_Software\VisualStudio\VC\Tools\MSVC\14.24.28314\include\xstring(3495,1): warning C4566: 由通用字符名称“\u2B50”表示的字符不能在当前代码页(936)中表示出来
E:\⭐Working_Software\VisualStudio\VC\Tools\MSVC\14.24.28314\include\xstring(3502,1): warning C4566: 由通用字符名称“\u2B50”表示的字符不能在当前代码页(936)中表示出来
E:\⭐Working_Software\VisualStudio\VC\Tools\MSVC\14.24.28314\include\xstring(3537,1): warning C4566: 由通用字符名称“\u2B50”表示的字符不能在当前代码页(936)中表示出来
E:\⭐Working_Software\VisualStudio\VC\Tools\MSVC\14.24.28314\include\xstring(3544,1): warning C4566: 由通用字符名称“\u2B50”表示的字符不能在当前代码页(936)中表示出来
E:\⭐Working_Software\VisualStudio\VC\Tools\MSVC\14.24.28314\include\xstring(3552,1): warning C4566: 由通用字符名称“\u2B50”表示的字符不能在当前代码页(936)中表示出来
E:\⭐Working_Software\VisualStudio\VC\Tools\MSVC\14.24.28314\include\xstring(3560,1): warning C4566: 由通用字符名称“\u2B50”表示的字符不能在当前代码页(936)中表示出来
E:\⭐Working_Software\VisualStudio\VC\Tools\MSVC\14.24.28314\include\xstring(3568,1): warning C4566: 由通用字符名称“\u2B50”表示的字符不能在当前代码页(936)中表示出来
E:\⭐Working_Software\VisualStudio\VC\Tools\MSVC\14.24.28314\include\memory(90,9): warning C4566: 由通用字符名称“\u2B50”表示的字符不能在当前代码页(936)中表示出来
E:\⭐Working_Software\VisualStudio\VC\Tools\MSVC\14.24.28314\include\memory(102,9): warning C4566: 由通用字符名称“\u2B50”表示的字符不能在当前代码页(936)中表示出来
E:\⭐Working_Software\VisualStudio\VC\Tools\MSVC\14.24.28314\include\memory(114,9): warning C4566: 由通用字符名称“\u2B50”表示的字符不能在当前代码页(936)中表示出来
E:\⭐Working_Software\VisualStudio\VC\Tools\MSVC\14.24.28314\include\memory(115,9): warning C4566: 由通用字符名称“\u2B50”表示的字符不能在当前代码页(936)中表示出来
E:\⭐Working_Software\VisualStudio\VC\Tools\MSVC\14.24.28314\include\memory(537,1): warning C4566: 由通用字符名称“\u2B50”表示的字符不能在当前代码页(936)中表示出来
E:\⭐Working_Software\VisualStudio\VC\Tools\MSVC\14.24.28314\include\memory(545,1): warning C4566: 由通用字符名称“\u2B50”表示的字符不能在当前代码页(936)中表示出来
E:\⭐Working_Software\VisualStudio\VC\Tools\MSVC\14.24.28314\include\xlocale(73,63): warning C4566: 由通用字符名称“\u2B50”表示的字符不能在当前代码页(936)中表示出来
E:\⭐Working_Software\VisualStudio\VC\Tools\MSVC\14.24.28314\include\xlocale(568,90): warning C4566: 由通用字符名称“\u2B50”表示的字符不能在当前代码页(936)中表示出来
E:\⭐Working_Software\VisualStudio\VC\Tools\MSVC\14.24.28314\include\xlocale(601,97): warning C4566: 由通用字符名称“\u2B50”表示的字符不能在当前代码页(936)中表示出来
E:\⭐Working_Software\VisualStudio\VC\Tools\MSVC\14.24.28314\include\xlocale(642,97): warning C4566: 由通用字符名称“\u2B50”表示的字符不能在当前代码页(936)中表示出来
E:\⭐Working_Software\VisualStudio\VC\Tools\MSVC\14.24.28314\include\streambuf(460,1): warning C4566: 由通用字符名称“\u2B50”表示的字符不能在当前代码页(936)中表示出来
E:\⭐Working_Software\VisualStudio\VC\Tools\MSVC\14.24.28314\include\streambuf(468,1): warning C4566: 由通用字符名称“\u2B50”表示的字符不能在当前代码页(936)中表示出来
E:\⭐Working_Software\VisualStudio\VC\Tools\MSVC\14.24.28314\include\xlocnum(92,96): warning C4566: 由通用字符名称“\u2B50”表示的字符不能在当前代码页(936)中表示出来
  min.cpp
E:\⭐Working_Software\VisualStudio\VC\Tools\MSVC\14.24.28314\include\xutility(1056,5): warning C4566: 由通用字符名称“\u2B50”表示的字符不能在当前代码页(936)中表示出来
E:\⭐Working_Software\VisualStudio\VC\Tools\MSVC\14.24.28314\include\xutility(1221,1): warning C4566: 由通用字符名称“\u2B50”表示的字符不能在当前代码页(936)中表示出来
E:\⭐Working_Software\VisualStudio\VC\Tools\MSVC\14.24.28314\include\xutility(1485,9): warning C4566: 由通用字符名称“\u2B50”表示的字符不能在当前代码页(936)中表示出来
E:\⭐Working_Software\VisualStudio\VC\Tools\MSVC\14.24.28314\include\xutility(1506,17): warning C4566: 由通用字符名称“\u2B50”表示的字符不能在当前代码页(936)中表示出来
E:\⭐Working_Software\VisualStudio\VC\Tools\MSVC\14.24.28314\include\xutility(1594,17): warning C4566: 由通用字符名称“\u2B50”表示的字符不能在当前代码页(936)中表示出来
E:\⭐Working_Software\VisualStudio\VC\Tools\MSVC\14.24.28314\include\xutility(1820,1): warning C4566: 由通用字符名称“\u2B50”表示的字符不能在当前代码页(936)中表示出来
E:\⭐Working_Software\VisualStudio\VC\Tools\MSVC\14.24.28314\include\xutility(2875,1): warning C4566: 由通用字符名称“\u2B50”表示的字符不能在当前代码页(936)中表示出来
E:\⭐Working_Software\VisualStudio\VC\Tools\MSVC\14.24.28314\include\xutility(2876,1): warning C4566: 由通用字符名称“\u2B50”表示的字符不能在当前代码页(936)中表示出来
E:\⭐Working_Software\VisualStudio\VC\Tools\MSVC\14.24.28314\include\xutility(2881,1): warning C4566: 由通用字符名称“\u2B50”表示的字符不能在当前代码页(936)中表示出来
E:\⭐Working_Software\VisualStudio\VC\Tools\MSVC\14.24.28314\include\xutility(2882,1): warning C4566: 由通用字符名称“\u2B50”表示的字符不能在当前代码页(936)中表示出来
E:\⭐Working_Software\VisualStudio\VC\Tools\MSVC\14.24.28314\include\xutility(2894,1): warning C4566: 由通用字符名称“\u2B50”表示的字符不能在当前代码页(936)中表示出来
E:\⭐Working_Software\VisualStudio\VC\Tools\MSVC\14.24.28314\include\xutility(2895,1): warning C4566: 由通用字符名称“\u2B50”表示的字符不能在当前代码页(936)中表示出来
E:\⭐Working_Software\VisualStudio\VC\Tools\MSVC\14.24.28314\include\xutility(2908,1): warning C4566: 由通用字符名称“\u2B50”表示的字符不能在当前代码页(936)中表示出来
E:\⭐Working_Software\VisualStudio\VC\Tools\MSVC\14.24.28314\include\xutility(2913,1): warning C4566: 由通用字符名称“\u2B50”表示的字符不能在当前代码页(936)中表示出来
E:\⭐Working_Software\VisualStudio\VC\Tools\MSVC\14.24.28314\include\xutility(2917,1): warning C4566: 由通用字符名称“\u2B50”表示的字符不能在当前代码页(936)中表示出来
E:\⭐Working_Software\VisualStudio\VC\Tools\MSVC\14.24.28314\include\xutility(2977,1): warning C4566: 由通用字符名称“\u2B50”表示的字符不能在当前代码页(936)中表示出来
E:\⭐Working_Software\VisualStudio\VC\Tools\MSVC\14.24.28314\include\xutility(2988,1): warning C4566: 由通用字符名称“\u2B50”表示的字符不能在当前代码页(936)中表示出来
E:\⭐Working_Software\VisualStudio\VC\Tools\MSVC\14.24.28314\include\xutility(3476,9): warning C4566: 由通用字符名称“\u2B50”表示的字符不能在当前代码页(936)中表示出来
E:\⭐Working_Software\VisualStudio\VC\Tools\MSVC\14.24.28314\include\xutility(3488,9): warning C4566: 由通用字符名称“\u2B50”表示的字符不能在当前代码页(936)中表示出来
E:\⭐Working_Software\VisualStudio\VC\Tools\MSVC\14.24.28314\include\xutility(3500,9): warning C4566: 由通用字符名称“\u2B50”表示的字符不能在当前代码页(936)中表示出来
E:\⭐Working_Software\VisualStudio\VC\Tools\MSVC\14.24.28314\include\xutility(3501,9): warning C4566: 由通用字符名称“\u2B50”表示的字符不能在当前代码页(936)中表示出来
E:\⭐Working_Software\VisualStudio\VC\Tools\MSVC\14.24.28314\include\xutility(4963,78): warning C4566: 由通用字符名称“\u2B50”表示的字符不能在当前代码页(936)中表示出来
E:\⭐Working_Software\VisualStudio\VC\Tools\MSVC\14.24.28314\include\xmemory(95,5): warning C4566: 由通用字符名称“\u2B50”表示的字符不能在当前代码页(936)中表示出来
E:\⭐Working_Software\VisualStudio\VC\Tools\MSVC\14.24.28314\include\xmemory(115,5): warning C4566: 由通用字符名称“\u2B50”表示的字符不能在当前代码页(936)中表示出来
E:\⭐Working_Software\VisualStudio\VC\Tools\MSVC\14.24.28314\include\xmemory(125,5): warning C4566: 由通用字符名称“\u2B50”表示的字符不能在当前代码页(936)中表示出来
E:\⭐Working_Software\VisualStudio\VC\Tools\MSVC\14.24.28314\include\xmemory(912,9): warning C4566: 由通用字符名称“\u2B50”表示的字符不能在当前代码页(936)中表示出来
E:\⭐Working_Software\VisualStudio\VC\Tools\MSVC\14.24.28314\include\xmemory(1187,13): warning C4566: 由通用字符名称“\u2B50”表示的字符不能在当前代码页(936)中表示出来
E:\⭐Working_Software\VisualStudio\VC\Tools\MSVC\14.24.28314\include\xstring(69,1): warning C4566: 由通用字符名称“\u2B50”表示的字符不能在当前代码页(936)中表示出来
E:\⭐Working_Software\VisualStudio\VC\Tools\MSVC\14.24.28314\include\xstring(183,1): warning C4566: 由通用字符名称“\u2B50”表示的字符不能在当前代码页(936)中表示出来
E:\⭐Working_Software\VisualStudio\VC\Tools\MSVC\14.24.28314\include\xstring(339,1): warning C4566: 由通用字符名称“\u2B50”表示的字符不能在当前代码页(936)中表示出来
E:\⭐Working_Software\VisualStudio\VC\Tools\MSVC\14.24.28314\include\xstring(1785,1): warning C4566: 由通用字符名称“\u2B50”表示的字符不能在当前代码页(936)中表示出来
E:\⭐Working_Software\VisualStudio\VC\Tools\MSVC\14.24.28314\include\xstring(1788,1): warning C4566: 由通用字符名称“\u2B50”表示的字符不能在当前代码页(936)中表示出来
E:\⭐Working_Software\VisualStudio\VC\Tools\MSVC\14.24.28314\include\xstring(1792,1): warning C4566: 由通用字符名称“\u2B50”表示的字符不能在当前代码页(936)中表示出来
E:\⭐Working_Software\VisualStudio\VC\Tools\MSVC\14.24.28314\include\xstring(1805,1): warning C4566: 由通用字符名称“\u2B50”表示的字符不能在当前代码页(936)中表示出来
E:\⭐Working_Software\VisualStudio\VC\Tools\MSVC\14.24.28314\include\xstring(1808,1): warning C4566: 由通用字符名称“\u2B50”表示的字符不能在当前代码页(936)中表示出来
E:\⭐Working_Software\VisualStudio\VC\Tools\MSVC\14.24.28314\include\xstring(1809,1): warning C4566: 由通用字符名称“\u2B50”表示的字符不能在当前代码页(936)中表示出来
E:\⭐Working_Software\VisualStudio\VC\Tools\MSVC\14.24.28314\include\xstring(1824,1): warning C4566: 由通用字符名称“\u2B50”表示的字符不能在当前代码页(936)中表示出来
E:\⭐Working_Software\VisualStudio\VC\Tools\MSVC\14.24.28314\include\xstring(1827,1): warning C4566: 由通用字符名称“\u2B50”表示的字符不能在当前代码页(936)中表示出来
E:\⭐Working_Software\VisualStudio\VC\Tools\MSVC\14.24.28314\include\xstring(1828,1): warning C4566: 由通用字符名称“\u2B50”表示的字符不能在当前代码页(936)中表示出来
E:\⭐Working_Software\VisualStudio\VC\Tools\MSVC\14.24.28314\include\xstring(1847,1): warning C4566: 由通用字符名称“\u2B50”表示的字符不能在当前代码页(936)中表示出来
E:\⭐Working_Software\VisualStudio\VC\Tools\MSVC\14.24.28314\include\xstring(1850,1): warning C4566: 由通用字符名称“\u2B50”表示的字符不能在当前代码页(936)中表示出来
E:\⭐Working_Software\VisualStudio\VC\Tools\MSVC\14.24.28314\include\xstring(1856,1): warning C4566: 由通用字符名称“\u2B50”表示的字符不能在当前代码页(936)中表示出来
E:\⭐Working_Software\VisualStudio\VC\Tools\MSVC\14.24.28314\include\xstring(1862,1): warning C4566: 由通用字符名称“\u2B50”表示的字符不能在当前代码页(936)中表示出来
E:\⭐Working_Software\VisualStudio\VC\Tools\MSVC\14.24.28314\include\xstring(1929,1): warning C4566: 由通用字符名称“\u2B50”表示的字符不能在当前代码页(936)中表示出来
E:\⭐Working_Software\VisualStudio\VC\Tools\MSVC\14.24.28314\include\xstring(1937,1): warning C4566: 由通用字符名称“\u2B50”表示的字符不能在当前代码页(936)中表示出来
E:\⭐Working_Software\VisualStudio\VC\Tools\MSVC\14.24.28314\include\xstring(1938,1): warning C4566: 由通用字符名称“\u2B50”表示的字符不能在当前代码页(936)中表示出来
E:\⭐Working_Software\VisualStudio\VC\Tools\MSVC\14.24.28314\include\xstring(2608,1): warning C4566: 由通用字符名称“\u2B50”表示的字符不能在当前代码页(936)中表示出来
E:\⭐Working_Software\VisualStudio\VC\Tools\MSVC\14.24.28314\include\xstring(2620,1): warning C4566: 由通用字符名称“\u2B50”表示的字符不能在当前代码页(936)中表示出来
E:\⭐Working_Software\VisualStudio\VC\Tools\MSVC\14.24.28314\include\xstring(3053,1): warning C4566: 由通用字符名称“\u2B50”表示的字符不能在当前代码页(936)中表示出来
E:\⭐Working_Software\VisualStudio\VC\Tools\MSVC\14.24.28314\include\xstring(3063,1): warning C4566: 由通用字符名称“\u2B50”表示的字符不能在当前代码页(936)中表示出来
E:\⭐Working_Software\VisualStudio\VC\Tools\MSVC\14.24.28314\include\xstring(3075,1): warning C4566: 由通用字符名称“\u2B50”表示的字符不能在当前代码页(936)中表示出来
E:\⭐Working_Software\VisualStudio\VC\Tools\MSVC\14.24.28314\include\xstring(3136,1): warning C4566: 由通用字符名称“\u2B50”表示的字符不能在当前代码页(936)中表示出来
E:\⭐Working_Software\VisualStudio\VC\Tools\MSVC\14.24.28314\include\xstring(3146,1): warning C4566: 由通用字符名称“\u2B50”表示的字符不能在当前代码页(936)中表示出来
E:\⭐Working_Software\VisualStudio\VC\Tools\MSVC\14.24.28314\include\xstring(3288,1): warning C4566: 由通用字符名称“\u2B50”表示的字符不能在当前代码页(936)中表示出来
E:\⭐Working_Software\VisualStudio\VC\Tools\MSVC\14.24.28314\include\xstring(3312,1): warning C4566: 由通用字符名称“\u2B50”表示的字符不能在当前代码页(936)中表示出来
E:\⭐Working_Software\VisualStudio\VC\Tools\MSVC\14.24.28314\include\xstring(3322,1): warning C4566: 由通用字符名称“\u2B50”表示的字符不能在当前代码页(936)中表示出来
E:\⭐Working_Software\VisualStudio\VC\Tools\MSVC\14.24.28314\include\xstring(3333,1): warning C4566: 由通用字符名称“\u2B50”表示的字符不能在当前代码页(936)中表示出来
E:\⭐Working_Software\VisualStudio\VC\Tools\MSVC\14.24.28314\include\xstring(3346,1): warning C4566: 由通用字符名称“\u2B50”表示的字符不能在当前代码页(936)中表示出来
E:\⭐Working_Software\VisualStudio\VC\Tools\MSVC\14.24.28314\include\xstring(3495,1): warning C4566: 由通用字符名称“\u2B50”表示的字符不能在当前代码页(936)中表示出来
E:\⭐Working_Software\VisualStudio\VC\Tools\MSVC\14.24.28314\include\xstring(3502,1): warning C4566: 由通用字符名称“\u2B50”表示的字符不能在当前代码页(936)中表示出来
E:\⭐Working_Software\VisualStudio\VC\Tools\MSVC\14.24.28314\include\xstring(3537,1): warning C4566: 由通用字符名称“\u2B50”表示的字符不能在当前代码页(936)中表示出来
E:\⭐Working_Software\VisualStudio\VC\Tools\MSVC\14.24.28314\include\xstring(3544,1): warning C4566: 由通用字符名称“\u2B50”表示的字符不能在当前代码页(936)中表示出来
E:\⭐Working_Software\VisualStudio\VC\Tools\MSVC\14.24.28314\include\xstring(3552,1): warning C4566: 由通用字符名称“\u2B50”表示的字符不能在当前代码页(936)中表示出来
E:\⭐Working_Software\VisualStudio\VC\Tools\MSVC\14.24.28314\include\xstring(3560,1): warning C4566: 由通用字符名称“\u2B50”表示的字符不能在当前代码页(936)中表示出来
E:\⭐Working_Software\VisualStudio\VC\Tools\MSVC\14.24.28314\include\xstring(3568,1): warning C4566: 由通用字符名称“\u2B50”表示的字符不能在当前代码页(936)中表示出来
E:\⭐Working_Software\VisualStudio\VC\Tools\MSVC\14.24.28314\include\memory(90,9): warning C4566: 由通用字符名称“\u2B50”表示的字符不能在当前代码页(936)中表示出来
E:\⭐Working_Software\VisualStudio\VC\Tools\MSVC\14.24.28314\include\memory(102,9): warning C4566: 由通用字符名称“\u2B50”表示的字符不能在当前代码页(936)中表示出来
E:\⭐Working_Software\VisualStudio\VC\Tools\MSVC\14.24.28314\include\memory(114,9): warning C4566: 由通用字符名称“\u2B50”表示的字符不能在当前代码页(936)中表示出来
E:\⭐Working_Software\VisualStudio\VC\Tools\MSVC\14.24.28314\include\memory(115,9): warning C4566: 由通用字符名称“\u2B50”表示的字符不能在当前代码页(936)中表示出来
E:\⭐Working_Software\VisualStudio\VC\Tools\MSVC\14.24.28314\include\memory(537,1): warning C4566: 由通用字符名称“\u2B50”表示的字符不能在当前代码页(936)中表示出来
E:\⭐Working_Software\VisualStudio\VC\Tools\MSVC\14.24.28314\include\memory(545,1): warning C4566: 由通用字符名称“\u2B50”表示的字符不能在当前代码页(936)中表示出来
E:\⭐Working_Software\VisualStudio\VC\Tools\MSVC\14.24.28314\include\xlocale(73,63): warning C4566: 由通用字符名称“\u2B50”表示的字符不能在当前代码页(936)中表示出来
E:\⭐Working_Software\VisualStudio\VC\Tools\MSVC\14.24.28314\include\xlocale(568,90): warning C4566: 由通用字符名称“\u2B50”表示的字符不能在当前代码页(936)中表示出来
E:\⭐Working_Software\VisualStudio\VC\Tools\MSVC\14.24.28314\include\xlocale(601,97): warning C4566: 由通用字符名称“\u2B50”表示的字符不能在当前代码页(936)中表示出来
E:\⭐Working_Software\VisualStudio\VC\Tools\MSVC\14.24.28314\include\xlocale(642,97): warning C4566: 由通用字符名称“\u2B50”表示的字符不能在当前代码页(936)中表示出来
E:\⭐Working_Software\VisualStudio\VC\Tools\MSVC\14.24.28314\include\streambuf(460,1): warning C4566: 由通用字符名称“\u2B50”表示的字符不能在当前代码页(936)中表示出来
E:\⭐Working_Software\VisualStudio\VC\Tools\MSVC\14.24.28314\include\streambuf(468,1): warning C4566: 由通用字符名称“\u2B50”表示的字符不能在当前代码页(936)中表示出来
E:\⭐Working_Software\VisualStudio\VC\Tools\MSVC\14.24.28314\include\xlocnum(92,96): warning C4566: 由通用字符名称“\u2B50”表示的字符不能在当前代码页(936)中表示出来
E:\Works\DS\Test\Static Link List\StaticLinkList\min.cpp(7,1): warning C4326: “main”的返回类型应为“int”而非“void”
  正在生成代码...
  StaticLinkList.vcxproj -> E:\Works\DS\Test\Static Link List\StaticLinkList\Debug\StaticLinkList.exe
