  BinTree.cpp
H:\CodeWorks\ComputerScience\DS\Tree\BinTree\BinTree\BinTree.h(25,2): warning C4091: “typedef ”: 没有声明变量时忽略“BinTree”的左侧
H:\CodeWorks\ComputerScience\DS\Tree\BinTree\BinTree\Queue.h(104,10): warning C4477: “printf”: 格式字符串“%d”需要类型“int”的参数，但可变参数 1 拥有了类型“BinTreeNode *”
H:\CodeWorks\ComputerScience\DS\Tree\BinTree\BinTree\Queue.h(119,10): warning C4477: “printf”: 格式字符串“%d”需要类型“int”的参数，但可变参数 1 拥有了类型“BinTreeNode *”
H:\CodeWorks\ComputerScience\DS\Tree\BinTree\BinTree\BinTree.cpp(23,14): warning C4473: “scanf_s”: 没有为格式字符串传递足够的参数
H:\CodeWorks\ComputerScience\DS\Tree\BinTree\BinTree\BinTree.cpp(23,14): message : 占位符和其参数预计 2 可变参数，但提供的却是 1 参数
H:\CodeWorks\ComputerScience\DS\Tree\BinTree\BinTree\BinTree.cpp(23,14): message : 缺失的可变参数 2 为格式字符串“%c”所需
H:\CodeWorks\ComputerScience\DS\Tree\BinTree\BinTree\BinTree.cpp(23,14): message : 此参数用作缓冲区大小
H:\CodeWorks\ComputerScience\DS\Tree\BinTree\BinTree\BinTree.cpp(43,10): warning C4473: “scanf_s”: 没有为格式字符串传递足够的参数
H:\CodeWorks\ComputerScience\DS\Tree\BinTree\BinTree\BinTree.cpp(43,10): message : 占位符和其参数预计 2 可变参数，但提供的却是 1 参数
H:\CodeWorks\ComputerScience\DS\Tree\BinTree\BinTree\BinTree.cpp(43,10): message : 缺失的可变参数 2 为格式字符串“%c”所需
H:\CodeWorks\ComputerScience\DS\Tree\BinTree\BinTree\BinTree.cpp(43,10): message : 此参数用作缓冲区大小
H:\CodeWorks\ComputerScience\DS\Tree\BinTree\BinTree\BinTree.cpp(58,10): warning C4473: “scanf_s”: 没有为格式字符串传递足够的参数
H:\CodeWorks\ComputerScience\DS\Tree\BinTree\BinTree\BinTree.cpp(58,10): message : 占位符和其参数预计 2 可变参数，但提供的却是 1 参数
H:\CodeWorks\ComputerScience\DS\Tree\BinTree\BinTree\BinTree.cpp(58,10): message : 缺失的可变参数 2 为格式字符串“%c”所需
H:\CodeWorks\ComputerScience\DS\Tree\BinTree\BinTree\BinTree.cpp(58,10): message : 此参数用作缓冲区大小
H:\CodeWorks\ComputerScience\DS\Tree\BinTree\BinTree\BinTree.cpp(94,10): warning C4473: “scanf_s”: 没有为格式字符串传递足够的参数
H:\CodeWorks\ComputerScience\DS\Tree\BinTree\BinTree\BinTree.cpp(94,10): message : 占位符和其参数预计 2 可变参数，但提供的却是 1 参数
H:\CodeWorks\ComputerScience\DS\Tree\BinTree\BinTree\BinTree.cpp(94,10): message : 缺失的可变参数 2 为格式字符串“%c”所需
H:\CodeWorks\ComputerScience\DS\Tree\BinTree\BinTree\BinTree.cpp(94,10): message : 此参数用作缓冲区大小
H:\CodeWorks\ComputerScience\DS\Tree\BinTree\BinTree\BinTree.cpp(114,10): warning C4473: “scanf_s”: 没有为格式字符串传递足够的参数
H:\CodeWorks\ComputerScience\DS\Tree\BinTree\BinTree\BinTree.cpp(114,10): message : 占位符和其参数预计 2 可变参数，但提供的却是 1 参数
H:\CodeWorks\ComputerScience\DS\Tree\BinTree\BinTree\BinTree.cpp(114,10): message : 缺失的可变参数 2 为格式字符串“%c”所需
H:\CodeWorks\ComputerScience\DS\Tree\BinTree\BinTree\BinTree.cpp(114,10): message : 此参数用作缓冲区大小
  main.cpp
H:\CodeWorks\ComputerScience\DS\Tree\BinTree\BinTree\BinTree.h(25,2): warning C4091: “typedef ”: 没有声明变量时忽略“BinTree”的左侧
  正在生成代码...
  BinTree.vcxproj -> H:\CodeWorks\ComputerScience\DS\Tree\BinTree\Debug\BinTree.exe
